[00:11:02] [ServerMain/INFO]: [bootstrap] Running Java 21 (OpenJDK 64-Bit Server VM 21.0.9+10-LTS; Eclipse Adoptium Temurin-21.0.9+10) on Windows 11 10.0 (amd64)
[00:11:02] [ServerMain/INFO]: [bootstrap] Loading Paper 1.21.11-pre3-DEV-main@354a5d5 (1970-01-01T00:00:00Z) for Minecraft 1.21.11-pre3
[00:11:03] [ServerMain/INFO]: [PluginInitializerManager] Initializing plugins...
[00:11:03] [ServerMain/INFO]: [PluginInitializerManager] Initialized 0 plugins
[00:11:08] [ServerMain/INFO]: Environment: Environment[sessionHost=https://sessionserver.mojang.com, servicesHost=https://api.minecraftservices.com, profilesHost=https://api.mojang.com, name=PROD]
[00:11:10] [ServerMain/INFO]: Loaded 1470 recipes
[00:11:10] [ServerMain/INFO]: Loaded 1584 advancements
[00:11:10] [Server thread/INFO]: Starting minecraft server version 1.21.11 Pre-Release 3
[00:11:10] [Server thread/INFO]: Loading properties
[00:11:10] [Server thread/INFO]: This server is running Paper version 1.21.11-pre3-DEV-main@354a5d5 (1970-01-01T00:00:00Z) (Implementing API version 1.21.11-pre3-R0.1-SNAPSHOT)
[00:11:10] [Server thread/INFO]: [spark] This server bundles the spark profiler. For more information please visit https://docs.papermc.io/paper/profiling
[00:11:10] [Server thread/INFO]: Server Ping Player Sample Count: 12
[00:11:10] [Server thread/INFO]: Using 4 threads for Netty based IO
[00:11:11] [Server thread/INFO]: [MoonriseCommon] Paper is using 3 worker threads, 1 I/O threads
[00:11:11] [Server thread/INFO]: Default game type: SURVIVAL
[00:11:11] [Server thread/INFO]: Generating keypair
[00:11:11] [Server thread/INFO]: Starting Minecraft server on *:25565
[00:11:11] [Server thread/INFO]: Paper: Using Java compression from Velocity.
[00:11:11] [Server thread/INFO]: Paper: Using Java cipher from Velocity.
[00:11:11] [Server thread/INFO]: Server permissions file permissions.yml is empty, ignoring it
[00:11:11] [Server thread/INFO]: Preparing level "world"
[00:11:12] [Server thread/INFO]: Loading 0 persistent chunks for world 'minecraft:overworld'...
[00:11:12] [Server thread/INFO]: Prepared spawn area in 1 ms
[00:11:12] [Server thread/INFO]: Loading 0 persistent chunks for world 'minecraft:the_nether'...
[00:11:12] [Server thread/INFO]: Prepared spawn area in 2 ms
[00:11:12] [Server thread/INFO]: Loading 0 persistent chunks for world 'minecraft:the_end'...
[00:11:12] [Server thread/INFO]: Prepared spawn area in 1 ms
[00:11:12] [Server thread/INFO]: Done preparing level "world" (0.574s)
[00:11:12] [Server thread/INFO]: [spark] Starting background profiler...
[00:11:12] [Server thread/INFO]: [spark] The async-profiler engine is not supported for your os/arch (windows11/amd64), so the built-in Java engine will be used instead.
[00:11:12] [Server thread/INFO]: Running delayed init tasks
[00:11:12] [Server thread/INFO]: Done (10.247s)! For help, type "help"
[00:11:35] [Server thread/INFO]: Unknown or incomplete command. See below for error
ac<--[HERE]
[00:11:39] [Server thread/INFO]: --------- Help: Index ---------------------------------
[00:11:39] [Server thread/INFO]: Use /help [n] to get page n of help.
[00:11:39] [Server thread/INFO]: Aliases: Lists command aliases
[00:11:39] [Server thread/INFO]: Bukkit: All commands for Bukkit
[00:11:39] [Server thread/INFO]: Minecraft: All commands for Minecraft
[00:11:39] [Server thread/INFO]: Paper: All commands for Paper
[00:11:39] [Server thread/INFO]: /about: Gets the version of this server including any plugins in use
[00:11:39] [Server thread/INFO]: /advancement: A Mojang provided command.
[00:11:39] [Server thread/INFO]: /attribute: A Mojang provided command.
[00:11:39] [Server thread/INFO]: /ban: A Mojang provided command.
[00:11:39] [Server thread/INFO]: /ban-ip: A Mojang provided command.
[00:11:39] [Server thread/INFO]: /banlist: A Mojang provided command.
[00:11:39] [Server thread/INFO]: /bossbar: A Mojang provided command.
[00:11:39] [Server thread/INFO]: /bukkit:about: Gets the version of this server including any plugins in use
[00:11:39] [Server thread/INFO]: /bukkit:pl: Gets a list of plugins running on the server
[00:11:39] [Server thread/INFO]: /bukkit:plugins: Gets a list of plugins running on the server
[00:11:39] [Server thread/INFO]: /bukkit:ver: Gets the version of this server including any plugins in use
[00:11:39] [Server thread/INFO]: /bukkit:version: Gets the version of this server including any plugins in use
[00:11:39] [Server thread/INFO]: /clear: A Mojang provided command.
[00:11:39] [Server thread/INFO]: /clone: A Mojang provided command.
[00:11:39] [Server thread/INFO]: /damage: A Mojang provided command.
[00:11:39] [Server thread/INFO]: /data: A Mojang provided command.
[00:11:39] [Server thread/INFO]: /datapack: A Mojang provided command.
[00:11:39] [Server thread/INFO]: /debug: A Mojang provided command.
[00:11:39] [Server thread/INFO]: /defaultgamemode: A Mojang provided command.
[00:11:39] [Server thread/INFO]: /deop: A Mojang provided command.
[00:11:39] [Server thread/INFO]: /dialog: A Mojang provided command.
[00:11:39] [Server thread/INFO]: /difficulty: A Mojang provided command.
[00:11:39] [Server thread/INFO]: /effect: A Mojang provided command.
[00:11:39] [Server thread/INFO]: /enchant: A Mojang provided command.
[00:11:39] [Server thread/INFO]: /execute: A Mojang provided command.
[00:11:39] [Server thread/INFO]: /experience: A Mojang provided command.
[00:11:39] [Server thread/INFO]: /fetchprofile: A Mojang provided command.
[00:11:39] [Server thread/INFO]: /fill: A Mojang provided command.
[00:11:39] [Server thread/INFO]: /fillbiome: A Mojang provided command.
[00:11:39] [Server thread/INFO]: /forceload: A Mojang provided command.
[00:11:39] [Server thread/INFO]: /function: A Mojang provided command.
[00:11:39] [Server thread/INFO]: /gamemode: A Mojang provided command.
[00:11:39] [Server thread/INFO]: /gamerule: A Mojang provided command.
[00:11:39] [Server thread/INFO]: /give: A Mojang provided command.
[00:11:39] [Server thread/INFO]: /help: Shows the help menu
[00:11:39] [Server thread/INFO]: /item: A Mojang provided command.
[00:11:39] [Server thread/INFO]: /jfr: A Mojang provided command.
[00:11:39] [Server thread/INFO]: /kick: A Mojang provided command.
[00:11:39] [Server thread/INFO]: /kill: A Mojang provided command.
[00:11:39] [Server thread/INFO]: /list: A Mojang provided command.
[00:11:39] [Server thread/INFO]: /locate: A Mojang provided command.
[00:11:39] [Server thread/INFO]: /loot: A Mojang provided command.
[00:11:39] [Server thread/INFO]: /me: A Mojang provided command.
[00:11:39] [Server thread/INFO]: /minecraft:advancement: A Mojang provided command.
[00:11:39] [Server thread/INFO]: /minecraft:attribute: A Mojang provided command.
[00:11:39] [Server thread/INFO]: /minecraft:ban: A Mojang provided command.
[00:11:39] [Server thread/INFO]: /minecraft:ban-ip: A Mojang provided command.
[00:11:39] [Server thread/INFO]: /minecraft:banlist: A Mojang provided command.
[00:11:39] [Server thread/INFO]: /minecraft:bossbar: A Mojang provided command.
[00:11:39] [Server thread/INFO]: /minecraft:clear: A Mojang provided command.
[00:11:39] [Server thread/INFO]: /minecraft:clone: A Mojang provided command.
[00:11:39] [Server thread/INFO]: /minecraft:damage: A Mojang provided command.
[00:11:39] [Server thread/INFO]: /minecraft:data: A Mojang provided command.
[00:11:39] [Server thread/INFO]: /minecraft:datapack: A Mojang provided command.
[00:11:39] [Server thread/INFO]: /minecraft:debug: A Mojang provided command.
[00:11:39] [Server thread/INFO]: /minecraft:defaultgamemode: A Mojang provided command.
[00:11:39] [Server thread/INFO]: /minecraft:deop: A Mojang provided command.
[00:11:39] [Server thread/INFO]: /minecraft:dialog: A Mojang provided command.
[00:11:39] [Server thread/INFO]: /minecraft:difficulty: A Mojang provided command.
[00:11:39] [Server thread/INFO]: /minecraft:effect: A Mojang provided command.
[00:11:39] [Server thread/INFO]: /minecraft:enchant: A Mojang provided command.
[00:11:39] [Server thread/INFO]: /minecraft:execute: A Mojang provided command.
[00:11:39] [Server thread/INFO]: /minecraft:experience: A Mojang provided command.
[00:11:39] [Server thread/INFO]: /minecraft:fetchprofile: A Mojang provided command.
[00:11:39] [Server thread/INFO]: /minecraft:fill: A Mojang provided command.
[00:11:39] [Server thread/INFO]: /minecraft:fillbiome: A Mojang provided command.
[00:11:39] [Server thread/INFO]: /minecraft:forceload: A Mojang provided command.
[00:11:39] [Server thread/INFO]: /minecraft:function: A Mojang provided command.
[00:11:39] [Server thread/INFO]: /minecraft:gamemode: A Mojang provided command.
[00:11:39] [Server thread/INFO]: /minecraft:gamerule: A Mojang provided command.
[00:11:39] [Server thread/INFO]: /minecraft:give: A Mojang provided command.
[00:11:39] [Server thread/INFO]: /minecraft:help: A Mojang provided command.
[00:11:39] [Server thread/INFO]: /minecraft:item: A Mojang provided command.
[00:11:39] [Server thread/INFO]: /minecraft:jfr: A Mojang provided command.
[00:11:39] [Server thread/INFO]: /minecraft:kick: A Mojang provided command.
[00:11:39] [Server thread/INFO]: /minecraft:kill: A Mojang provided command.
[00:11:39] [Server thread/INFO]: /minecraft:list: A Mojang provided command.
[00:11:39] [Server thread/INFO]: /minecraft:locate: A Mojang provided command.
[00:11:39] [Server thread/INFO]: /minecraft:loot: A Mojang provided command.
[00:11:39] [Server thread/INFO]: /minecraft:me: A Mojang provided command.
[00:11:39] [Server thread/INFO]: /minecraft:msg: A Mojang provided command.
[00:11:39] [Server thread/INFO]: /minecraft:op: A Mojang provided command.
[00:11:39] [Server thread/INFO]: /minecraft:pardon: A Mojang provided command.
[00:11:39] [Server thread/INFO]: /minecraft:pardon-ip: A Mojang provided command.
[00:11:39] [Server thread/INFO]: /minecraft:particle: A Mojang provided command.
[00:11:39] [Server thread/INFO]: /minecraft:perf: A Mojang provided command.
[00:11:39] [Server thread/INFO]: /minecraft:place: A Mojang provided command.
[00:11:39] [Server thread/INFO]: /minecraft:playsound: A Mojang provided command.
[00:11:39] [Server thread/INFO]: /minecraft:random: A Mojang provided command.
[00:11:39] [Server thread/INFO]: /minecraft:recipe: A Mojang provided command.
[00:11:39] [Server thread/INFO]: /minecraft:reload: A Mojang provided command.
[00:11:39] [Server thread/INFO]: /minecraft:return: A Mojang provided command.
[00:11:39] [Server thread/INFO]: /minecraft:ride: A Mojang provided command.
[00:11:39] [Server thread/INFO]: /minecraft:rotate: A Mojang provided command.
[00:11:39] [Server thread/INFO]: /minecraft:save-all: A Mojang provided command.
[00:11:39] [Server thread/INFO]: /minecraft:save-off: A Mojang provided command.
[00:11:39] [Server thread/INFO]: /minecraft:save-on: A Mojang provided command.
[00:11:39] [Server thread/INFO]: /minecraft:say: A Mojang provided command.
[00:11:39] [Server thread/INFO]: /minecraft:schedule: A Mojang provided command.
[00:11:39] [Server thread/INFO]: /minecraft:scoreboard: A Mojang provided command.
[00:11:39] [Server thread/INFO]: /minecraft:seed: A Mojang provided command.
[00:11:39] [Server thread/INFO]: /minecraft:setblock: A Mojang provided command.
[00:11:39] [Server thread/INFO]: /minecraft:setidletimeout: A Mojang provided command.
[00:11:39] [Server thread/INFO]: /minecraft:setworldspawn: A Mojang provided command.
[00:11:39] [Server thread/INFO]: /minecraft:spawnpoint: A Mojang provided command.
[00:11:39] [Server thread/INFO]: /minecraft:spectate: A Mojang provided command.
[00:11:39] [Server thread/INFO]: /minecraft:spreadplayers: A Mojang provided command.
[00:11:39] [Server thread/INFO]: /minecraft:stop: A Mojang provided command.
[00:11:39] [Server thread/INFO]: /minecraft:stopsound: A Mojang provided command.
[00:11:39] [Server thread/INFO]: /minecraft:stopwatch: A Mojang provided command.
[00:11:39] [Server thread/INFO]: /minecraft:summon: A Mojang provided command.
[00:11:39] [Server thread/INFO]: /minecraft:tag: A Mojang provided command.
[00:11:39] [Server thread/INFO]: /minecraft:team: A Mojang provided command.
[00:11:39] [Server thread/INFO]: /minecraft:teammsg: A Mojang provided command.
[00:11:39] [Server thread/INFO]: /minecraft:teleport: A Mojang provided command.
[00:11:39] [Server thread/INFO]: /minecraft:tell: A Mojang provided command.
[00:11:39] [Server thread/INFO]: /minecraft:tellraw: A Mojang provided command.
[00:11:39] [Server thread/INFO]: /minecraft:test: A Mojang provided command.
[00:11:39] [Server thread/INFO]: /minecraft:tick: A Mojang provided command.
[00:11:39] [Server thread/INFO]: /minecraft:time: A Mojang provided command.
[00:11:39] [Server thread/INFO]: /minecraft:title: A Mojang provided command.
[00:11:39] [Server thread/INFO]: /minecraft:tm: A Mojang provided command.
[00:11:39] [Server thread/INFO]: /minecraft:tp: A Mojang provided command.
[00:11:39] [Server thread/INFO]: /minecraft:transfer: A Mojang provided command.
[00:11:39] [Server thread/INFO]: /minecraft:trigger: A Mojang provided command.
[00:11:39] [Server thread/INFO]: /minecraft:version: A Mojang provided command.
[00:11:39] [Server thread/INFO]: /minecraft:w: A Mojang provided command.
[00:11:39] [Server thread/INFO]: /minecraft:waypoint: A Mojang provided command.
[00:11:39] [Server thread/INFO]: /minecraft:weather: A Mojang provided command.
[00:11:39] [Server thread/INFO]: /minecraft:whitelist: A Mojang provided command.
[00:11:39] [Server thread/INFO]: /minecraft:worldborder: A Mojang provided command.
[00:11:39] [Server thread/INFO]: /minecraft:xp: A Mojang provided command.
[00:11:39] [Server thread/INFO]: /msg: A Mojang provided command.
[00:11:39] [Server thread/INFO]: /mspt: View server tick times
[00:11:39] [Server thread/INFO]: /op: A Mojang provided command.
[00:11:39] [Server thread/INFO]: /paper: Paper related commands
[00:11:39] [Server thread/INFO]: /paper:spark: 
[00:11:39] [Server thread/INFO]: /pardon: A Mojang provided command.
[00:11:39] [Server thread/INFO]: /pardon-ip: A Mojang provided command.
[00:11:39] [Server thread/INFO]: /particle: A Mojang provided command.
[00:11:39] [Server thread/INFO]: /perf: A Mojang provided command.
[00:11:39] [Server thread/INFO]: /pl: Gets a list of plugins running on the server
[00:11:39] [Server thread/INFO]: /place: A Mojang provided command.
[00:11:39] [Server thread/INFO]: /playsound: A Mojang provided command.
[00:11:39] [Server thread/INFO]: /plugins: Gets a list of plugins running on the server
[00:11:39] [Server thread/INFO]: /random: A Mojang provided command.
[00:11:39] [Server thread/INFO]: /recipe: A Mojang provided command.
[00:11:39] [Server thread/INFO]: /reload: A Mojang provided command.
[00:11:39] [Server thread/INFO]: /restart: Restarts the server
[00:11:39] [Server thread/INFO]: /return: A Mojang provided command.
[00:11:39] [Server thread/INFO]: /ride: A Mojang provided command.
[00:11:39] [Server thread/INFO]: /rotate: A Mojang provided command.
[00:11:39] [Server thread/INFO]: /save-all: A Mojang provided command.
[00:11:39] [Server thread/INFO]: /save-off: A Mojang provided command.
[00:11:39] [Server thread/INFO]: /save-on: A Mojang provided command.
[00:11:39] [Server thread/INFO]: /say: A Mojang provided command.
[00:11:39] [Server thread/INFO]: /schedule: A Mojang provided command.
[00:11:39] [Server thread/INFO]: /scoreboard: A Mojang provided command.
[00:11:39] [Server thread/INFO]: /seed: A Mojang provided command.
[00:11:39] [Server thread/INFO]: /setblock: A Mojang provided command.
[00:11:39] [Server thread/INFO]: /setidletimeout: A Mojang provided command.
[00:11:39] [Server thread/INFO]: /setworldspawn: A Mojang provided command.
[00:11:39] [Server thread/INFO]: /spark: 
[00:11:39] [Server thread/INFO]: /spawnpoint: A Mojang provided command.
[00:11:39] [Server thread/INFO]: /spectate: A Mojang provided command.
[00:11:39] [Server thread/INFO]: /spigot: Spigot related commands
[00:11:39] [Server thread/INFO]: /spreadplayers: A Mojang provided command.
[00:11:39] [Server thread/INFO]: /stop: A Mojang provided command.
[00:11:39] [Server thread/INFO]: /stopsound: A Mojang provided command.
[00:11:39] [Server thread/INFO]: /stopwatch: A Mojang provided command.
[00:11:39] [Server thread/INFO]: /summon: A Mojang provided command.
[00:11:39] [Server thread/INFO]: /tag: A Mojang provided command.
[00:11:39] [Server thread/INFO]: /team: A Mojang provided command.
[00:11:39] [Server thread/INFO]: /teammsg: A Mojang provided command.
[00:11:39] [Server thread/INFO]: /teleport: A Mojang provided command.
[00:11:39] [Server thread/INFO]: /tell: A Mojang provided command.
[00:11:39] [Server thread/INFO]: /tellraw: A Mojang provided command.
[00:11:39] [Server thread/INFO]: /test: A Mojang provided command.
[00:11:39] [Server thread/INFO]: /tick: A Mojang provided command.
[00:11:39] [Server thread/INFO]: /time: A Mojang provided command.
[00:11:39] [Server thread/INFO]: /timings: Manages Spigot Timings data to see performance of the server.
[00:11:39] [Server thread/INFO]: /title: A Mojang provided command.
[00:11:39] [Server thread/INFO]: /tm: A Mojang provided command.
[00:11:39] [Server thread/INFO]: /tp: A Mojang provided command.
[00:11:39] [Server thread/INFO]: /tps: Gets the current ticks per second for the server
[00:11:39] [Server thread/INFO]: /transfer: A Mojang provided command.
[00:11:39] [Server thread/INFO]: /trigger: A Mojang provided command.
[00:11:39] [Server thread/INFO]: /ver: Gets the version of this server including any plugins in use
[00:11:39] [Server thread/INFO]: /version: Gets the version of this server including any plugins in use
[00:11:39] [Server thread/INFO]: /w: A Mojang provided command.
[00:11:39] [Server thread/INFO]: /waypoint: A Mojang provided command.
[00:11:39] [Server thread/INFO]: /weather: A Mojang provided command.
[00:11:39] [Server thread/INFO]: /whitelist: A Mojang provided command.
[00:11:39] [Server thread/INFO]: /worldborder: A Mojang provided command.
[00:11:39] [Server thread/INFO]: /xp: A Mojang provided command.
[00:11:49] [Server thread/INFO]: Stopping server
[00:11:49] [Server thread/INFO]: Saving players
[00:11:49] [Server thread/INFO]: Saving worlds
[00:11:49] [Server thread/INFO]: Saving chunks for level 'ServerLevel[world]'/minecraft:overworld
[00:11:50] [Server thread/INFO]: [ChunkHolderManager] Waiting 60s for chunk system to halt for world 'world'
[00:11:50] [Server thread/INFO]: [ChunkHolderManager] Halted chunk system for world 'world'
[00:11:50] [Server thread/INFO]: [ChunkHolderManager] Saving all chunkholders for world 'world'
[00:11:50] [Server thread/INFO]: [ChunkHolderManager] Saved 0 block chunks, 0 entity chunks, 0 poi chunks in world 'world' in 0.00s
[00:11:50] [Server thread/INFO]: [ChunkHolderManager] Waiting 60s for chunk I/O to halt for world 'world'
[00:11:50] [Server thread/INFO]: [ChunkHolderManager] Halted I/O scheduler for world 'world'
[00:11:50] [Server thread/INFO]: Saving chunks for level 'ServerLevel[world_nether]'/minecraft:the_nether
[00:11:50] [Server thread/INFO]: [ChunkHolderManager] Waiting 60s for chunk system to halt for world 'world_nether'
[00:11:50] [Server thread/INFO]: [ChunkHolderManager] Halted chunk system for world 'world_nether'
[00:11:50] [Server thread/INFO]: [ChunkHolderManager] Saving all chunkholders for world 'world_nether'
[00:11:50] [Server thread/INFO]: [ChunkHolderManager] Saved 0 block chunks, 0 entity chunks, 0 poi chunks in world 'world_nether' in 0.00s
[00:11:50] [Server thread/INFO]: [ChunkHolderManager] Waiting 60s for chunk I/O to halt for world 'world_nether'
[00:11:50] [Server thread/INFO]: [ChunkHolderManager] Halted I/O scheduler for world 'world_nether'
[00:11:50] [Server thread/INFO]: Saving chunks for level 'ServerLevel[world_the_end]'/minecraft:the_end
[00:11:50] [Server thread/INFO]: [ChunkHolderManager] Waiting 60s for chunk system to halt for world 'world_the_end'
[00:11:50] [Server thread/INFO]: [ChunkHolderManager] Halted chunk system for world 'world_the_end'
[00:11:50] [Server thread/INFO]: [ChunkHolderManager] Saving all chunkholders for world 'world_the_end'
[00:11:50] [Server thread/INFO]: [ChunkHolderManager] Saved 0 block chunks, 0 entity chunks, 0 poi chunks in world 'world_the_end' in 0.00s
[00:11:50] [Server thread/INFO]: [ChunkHolderManager] Waiting 60s for chunk I/O to halt for world 'world_the_end'
[00:11:50] [Server thread/INFO]: [ChunkHolderManager] Halted I/O scheduler for world 'world_the_end'
[00:11:50] [Server thread/INFO]: ThreadedAnvilChunkStorage (world): All chunks are saved
[00:11:50] [Server thread/INFO]: ThreadedAnvilChunkStorage (DIM-1): All chunks are saved
[00:11:50] [Server thread/INFO]: ThreadedAnvilChunkStorage (DIM1): All chunks are saved
[00:11:50] [Server thread/INFO]: ThreadedAnvilChunkStorage: All dimensions are saved
[00:11:50] [Server thread/INFO]: Waiting for all RegionFile I/O tasks to complete...
[00:11:50] [Server thread/INFO]: All RegionFile I/O tasks to complete
[00:11:50] [Server thread/INFO]: [MoonriseCommon] Awaiting termination of worker pool for up to 60s...
[00:11:50] [Server thread/INFO]: [MoonriseCommon] Awaiting termination of I/O pool for up to 60s...
